openjdk version "21.0.11" 2026-04-21
OpenJDK Runtime Environment (build 21.0.11+10-1-deb13u2-Debian)
OpenJDK 64-Bit Server VM (build 21.0.11+10-1-deb13u2-Debian, mixed mode)
INFO  Using log config file: jar:file:/home/roden/ghidra/Ghidra/Framework/Generic/lib/Generic.jar!/generic.log4j.xml (LoggingInitialization)  
INFO  Using log file: /home/roden/.config/ghidra/ghidra_12.1_PUBLIC/application.log (LoggingInitialization)  
INFO  Loading user preferences: /home/roden/.config/ghidra/ghidra_12.1_PUBLIC/preferences (Preferences)  
INFO  Searching for classes... (ClassSearcher)  
INFO  Class search complete (1200 ms) (ClassSearcher)  
INFO  Initializing SSL Context (DefaultSSLContextInitializer)  
INFO  Initializing Random Number Generator... (SecureRandomFactory)  
INFO  Random Number Generator initialization complete: NativePRNGNonBlocking (SecureRandomFactory)  
INFO  Trust manager disabled, cacerts have not been set (DefaultTrustManagerFactory)  
INFO  Headless startup complete (3205 ms) (AnalyzeHeadless)  
INFO  Class searcher loaded 59 extension points (20 false positives) (ClassSearcher)  
INFO  HEADLESS Script Paths:
    /home/roden/ghidra/Ghidra/Features/FileFormats/ghidra_scripts
    /home/roden/ghidra/Ghidra/Processors/DATA/ghidra_scripts
    /home/roden/ghidra/Ghidra/Processors/JVM/ghidra_scripts
    /home/roden/ghidra/Ghidra/Features/PDB/ghidra_scripts
    /home/roden/ghidra/Ghidra/Features/SystemEmulation/ghidra_scripts
    /home/roden/ghidra/Ghidra/Debug/Debugger/ghidra_scripts
    /home/roden/ghidra/Ghidra/Features/FunctionID/ghidra_scripts
    /home/roden/ghidra/Ghidra/Features/GnuDemangler/ghidra_scripts
    /home/roden/ghidra/Ghidra/Features/MicrosoftCodeAnalyzer/ghidra_scripts
    /home/roden/ghidra/Ghidra/Features/PyGhidra/ghidra_scripts
    /home/roden/ghidra/Ghidra/Processors/8051/ghidra_scripts
    /home/roden/ghidra/Ghidra/Processors/Atmel/ghidra_scripts
    /home/roden/ghidra/Ghidra/Processors/PIC/ghidra_scripts
    /home/roden/ghidra/Ghidra/Features/Base/ghidra_scripts
    /home/roden/ghidra/Ghidra/Features/WildcardAssembler/ghidra_scripts
    /home/roden/ghidra/Ghidra/Features/BytePatterns/ghidra_scripts
    /home/roden/ghidra/Ghidra/Features/Decompiler/ghidra_scripts
    /home/roden/ghidra/Ghidra/Features/SwiftDemangler/ghidra_scripts
    /home/roden/ghidra_scripts
    /home/roden/ghidra/Ghidra/Features/VersionTracking/ghidra_scripts
    /home/roden/ghidra/Ghidra/Debug/Debugger-rmi-trace/ghidra_scripts
    /home/roden/ghidra/Ghidra/Features/BSim/ghidra_scripts
    /home/roden/ghidra/Ghidra/Features/DecompilerDependent/ghidra_scripts (HeadlessAnalyzer)  
INFO  HEADLESS: execution starts (HeadlessAnalyzer)  
INFO  Opening existing project: /home/roden/ghidra_projects/simgolf (HeadlessAnalyzer)  
INFO  Opening project: /home/roden/ghidra_projects/simgolf (HeadlessProject)  
INFO  REPORT: Processing project file: /Terrain.dll (HeadlessAnalyzer)  
INFO  ANALYZING all memory and code: /Terrain.dll (HeadlessAnalyzer)  
WARN  Ignoring leading '_' chars on no-return name '___raise_securityfailure' specified in file: /home/roden/ghidra/Ghidra/Features/Base/data/PEFunctionsThatDoNotReturn (NoReturnFunctionAnalyzer)  
WARN  Ignoring leading '_' chars on no-return name '___report_rangecheckfailure' specified in file: /home/roden/ghidra/Ghidra/Features/Base/data/PEFunctionsThatDoNotReturn (NoReturnFunctionAnalyzer)  
INFO  Skipping PDB processing: failed to locate PDB file in configured locations (PdbUniversalAnalyzer)  
INFO  Use a script to set the PDB file location. I.e.,
    PdbAnalyzer.setPdbFileOption(currentProgram, new File("/path/to/pdb/file.pdb")); or
    PdbUniversalAnalyzer.setPdbFileOption(currentProgram, new File("/path/to/pdb/file.pdb"));
Or set the symbol server search configuration using:    PdbPlugin.saveSymbolServerServiceConfig(...);
 This must be done using a pre-script (prior to analysis). (PdbUniversalAnalyzer)  
INFO  Packed database cache: /var/tmp/roden-ghidra/packed-db-cache (PackedDatabaseCache)  
INFO  Applied data type archive: windows_vs12_32 (ApplyDataArchiveAnalyzer)  
INFO  Applied data type archive: windows_vs12_32 (ApplyDataArchiveAnalyzer)  
INFO  -----------------------------------------------------
    ASCII Strings                              0.865 secs
    Apply Data Archives                        0.283 secs
    Call Convention ID                         0.015 secs
    Call-Fixup Installer                       0.066 secs
    Create Address Tables                      0.121 secs
    Create Address Tables - One Time           0.216 secs
    Create Function                            0.847 secs
    Data Reference                             0.118 secs
    Decompiler Parameter ID                    9.460 secs
    Decompiler Switch Analysis                 5.946 secs
    Demangler Microsoft                        0.133 secs
    Disassemble                                1.220 secs
    Disassemble Entry Points                   2.162 secs
    Embedded Media                             0.052 secs
    External Entry References                  0.001 secs
    Function ID                                1.625 secs
    Function Start Pre Search                  0.038 secs
    Function Start Search                      1.631 secs
    Function Start Search After Code           0.069 secs
    Function Start Search After Data           0.950 secs
    Function Start Search delayed - One Time   0.001 secs
    Non-Returning Functions - Discovered       0.303 secs
    Non-Returning Functions - Known            0.029 secs
    PDB Universal                              0.028 secs
    Reference                                  0.226 secs
    Scalar Operand References                  1.261 secs
    Shared Return Calls                        0.260 secs
    Stack                                      5.281 secs
    Subroutine References                      0.171 secs
    Subroutine References - One Time           0.028 secs
    Windows x86 PE Exception Handling          4.014 secs
    Windows x86 PE RTTI Analyzer               0.280 secs
    Windows x86 Thread Environment Block (TEB) Analyzer     0.049 secs
    WindowsResourceReference                   0.628 secs
    X86 Function Callee Purge                  0.215 secs
    x86 Constant Reference Analyzer            4.519 secs
-----------------------------------------------------
     Total Time   43 secs
-----------------------------------------------------
 (AutoAnalysisManager)  
INFO  REPORT: Analysis succeeded for file: /Terrain.dll (HeadlessAnalyzer)  
INFO  REPORT: Execute script: ExportAllDecompiled.py  (HeadlessAnalyzer)  
ERROR REPORT SCRIPT ERROR: ExportAllDecompiled.py : Ghidra was not started with PyGhidra. Python is not available (HeadlessAnalyzer) ghidra.app.script.GhidraScriptLoadException: Ghidra was not started with PyGhidra. Python is not available
	at ghidra.pyghidra.PyGhidraScriptProvider.getScriptInstance(PyGhidraScriptProvider.java:75)
	at ghidra.app.util.headless.HeadlessAnalyzer.runScriptsList(HeadlessAnalyzer.java:925)
	at ghidra.app.util.headless.HeadlessAnalyzer.analyzeProgram(HeadlessAnalyzer.java:1095)
	at ghidra.app.util.headless.HeadlessAnalyzer.processFileNoImport(HeadlessAnalyzer.java:1193)
	at ghidra.app.util.headless.HeadlessAnalyzer.processFolderNoImport(HeadlessAnalyzer.java:1365)
	at ghidra.app.util.headless.HeadlessAnalyzer.processNoImport(HeadlessAnalyzer.java:1394)
	at ghidra.app.util.headless.HeadlessAnalyzer.processLocal(HeadlessAnalyzer.java:460)
	at ghidra.app.util.headless.AnalyzeHeadless.launch(AnalyzeHeadless.java:199)
	at ghidra.GhidraLauncher.launch(GhidraLauncher.java:81)
	at ghidra.Ghidra.main(Ghidra.java:54)
 
INFO  ANALYZING changes made by post scripts: /Terrain.dll (HeadlessAnalyzer)  
INFO  REPORT: Post-analysis succeeded for file: /Terrain.dll (HeadlessAnalyzer)  
INFO  REPORT: Save succeeded for processed file: /Terrain.dll (HeadlessAnalyzer)  
