============================================================
GHIDRA BATCH EXPORT
============================================================
Project: /home/roden/ghidra_projects/simgolf
Program: jgld.dll
Output:  /home/roden/simgolf-re/ref/decompiled/ghidra
Project opened: simgolf
Program loaded: jgld.dll (1287064 bytes)
  Exported 200...
  Exported 400...
  Exported 600...
  Exported 800...
  Exported 1000...
  Exported 1200...

=== RESULTS ===
Binary:      jgld.dll
Exported:    1318
Skipped:     251
Total:       1569
Output:      /home/roden/simgolf-re/ref/decompiled/ghidra
