openjdk version "21.0.11" 2026-04-21
OpenJDK Runtime Environment (build 21.0.11+10-1-deb13u2-Debian)
OpenJDK 64-Bit Server VM (build 21.0.11+10-1-deb13u2-Debian, mixed mode)
INFO  Using log config file: jar:file:/home/roden/ghidra/Ghidra/Framework/Generic/lib/Generic.jar!/generic.log4j.xml (LoggingInitialization)  
INFO  Using log file: /home/roden/.config/ghidra/ghidra_12.1_PUBLIC/application.log (LoggingInitialization)  
INFO  Loading user preferences: /home/roden/.config/ghidra/ghidra_12.1_PUBLIC/preferences (Preferences)  
INFO  Searching for classes... (ClassSearcher)  
INFO  Class search complete (1234 ms) (ClassSearcher)  
INFO  Initializing SSL Context (DefaultSSLContextInitializer)  
INFO  Initializing Random Number Generator... (SecureRandomFactory)  
INFO  Random Number Generator initialization complete: NativePRNGNonBlocking (SecureRandomFactory)  
INFO  Trust manager disabled, cacerts have not been set (DefaultTrustManagerFactory)  
INFO  Headless startup complete (3155 ms) (AnalyzeHeadless)  
INFO  Class searcher loaded 59 extension points (20 false positives) (ClassSearcher)  
INFO  HEADLESS Script Paths:
    /home/roden/ghidra/Ghidra/Features/FileFormats/ghidra_scripts
    /home/roden/ghidra/Ghidra/Processors/DATA/ghidra_scripts
    /home/roden/ghidra/Ghidra/Processors/JVM/ghidra_scripts
    /home/roden/ghidra/Ghidra/Features/PDB/ghidra_scripts
    /home/roden/ghidra/Ghidra/Features/SystemEmulation/ghidra_scripts
    /home/roden/ghidra/Ghidra/Debug/Debugger/ghidra_scripts
    /home/roden/ghidra/Ghidra/Features/FunctionID/ghidra_scripts
    /home/roden/ghidra/Ghidra/Features/GnuDemangler/ghidra_scripts
    /home/roden/ghidra/Ghidra/Features/MicrosoftCodeAnalyzer/ghidra_scripts
    /home/roden/ghidra/Ghidra/Features/PyGhidra/ghidra_scripts
    /home/roden/ghidra/Ghidra/Processors/8051/ghidra_scripts
    /home/roden/ghidra/Ghidra/Processors/Atmel/ghidra_scripts
    /home/roden/ghidra/Ghidra/Processors/PIC/ghidra_scripts
    /home/roden/ghidra/Ghidra/Features/Base/ghidra_scripts
    /home/roden/ghidra/Ghidra/Features/WildcardAssembler/ghidra_scripts
    /home/roden/ghidra/Ghidra/Features/BytePatterns/ghidra_scripts
    /home/roden/ghidra/Ghidra/Features/Decompiler/ghidra_scripts
    /home/roden/ghidra/Ghidra/Features/SwiftDemangler/ghidra_scripts
    /home/roden/ghidra_scripts
    /home/roden/ghidra/Ghidra/Features/VersionTracking/ghidra_scripts
    /home/roden/ghidra/Ghidra/Debug/Debugger-rmi-trace/ghidra_scripts
    /home/roden/ghidra/Ghidra/Features/BSim/ghidra_scripts
    /home/roden/ghidra/Ghidra/Features/DecompilerDependent/ghidra_scripts (HeadlessAnalyzer)  
INFO  HEADLESS: execution starts (HeadlessAnalyzer)  
INFO  Opening existing project: /home/roden/ghidra_projects/simgolf (HeadlessAnalyzer)  
INFO  Opening project: /home/roden/ghidra_projects/simgolf (HeadlessProject)  
INFO  REPORT: Processing project file: /Terrain.dll (HeadlessAnalyzer)  
INFO  REPORT: Execute script: ExportAllDecompiled.java  (HeadlessAnalyzer)  
ERROR REPORT SCRIPT ERROR: ExportAllDecompiled.java : The class could not be found. It must be the public class of the .java file: Failed to get OSGi bundle containing script: /home/roden/ghidra_scripts/ExportAllDecompiled.java (HeadlessAnalyzer) ghidra.app.script.GhidraScriptLoadException: The class could not be found. It must be the public class of the .java file: Failed to get OSGi bundle containing script: /home/roden/ghidra_scripts/ExportAllDecompiled.java
	at ghidra.app.script.JavaScriptProvider.getScriptInstance(JavaScriptProvider.java:114)
	at ghidra.app.util.headless.HeadlessAnalyzer.runScriptsList(HeadlessAnalyzer.java:925)
	at ghidra.app.util.headless.HeadlessAnalyzer.analyzeProgram(HeadlessAnalyzer.java:1095)
	at ghidra.app.util.headless.HeadlessAnalyzer.processFileNoImport(HeadlessAnalyzer.java:1193)
	at ghidra.app.util.headless.HeadlessAnalyzer.processFolderNoImport(HeadlessAnalyzer.java:1365)
	at ghidra.app.util.headless.HeadlessAnalyzer.processNoImport(HeadlessAnalyzer.java:1394)
	at ghidra.app.util.headless.HeadlessAnalyzer.processLocal(HeadlessAnalyzer.java:460)
	at ghidra.app.util.headless.AnalyzeHeadless.launch(AnalyzeHeadless.java:199)
	at ghidra.GhidraLauncher.launch(GhidraLauncher.java:81)
	at ghidra.Ghidra.main(Ghidra.java:54)
Caused by: java.lang.ClassNotFoundException: Failed to get OSGi bundle containing script: /home/roden/ghidra_scripts/ExportAllDecompiled.java
	at ghidra.app.script.JavaScriptProvider.loadClass(JavaScriptProvider.java:163)
	at ghidra.app.script.JavaScriptProvider.getScriptInstance(JavaScriptProvider.java:97)
	... 9 more
 
INFO  REPORT: Save succeeded for processed file: /Terrain.dll (HeadlessAnalyzer)  
